TN:
SF:contracts/MyNFT.sol
DA:12,0
FN:12,MyNFT.constructor
FNDA:0,MyNFT.constructor
DA:15,0
DA:16,0
DA:19,0
FN:19,MyNFT.mint
FNDA:0,MyNFT.mint
DA:20,0
DA:21,0
DA:22,0
DA:23,0
DA:26,0
FN:26,MyNFT.mintBatch
FNDA:0,MyNFT.mintBatch
DA:27,0
DA:28,0
DA:32,0
FN:32,MyNFT.setBaseURI
FNDA:0,MyNFT.setBaseURI
DA:33,0
DA:36,0
FN:36,MyNFT.tokenURI
FNDA:0,MyNFT.tokenURI
DA:37,0
DA:38,0
DA:41,0
FN:41,MyNFT.toString
FNDA:0,MyNFT.toString
DA:42,0
BRDA:42,0,0,-
DA:43,0
DA:45,0
DA:46,0
DA:47,0
DA:48,0
DA:49,0
DA:51,0
DA:52,0
DA:53,0
DA:54,0
DA:55,0
DA:57,0
FNF:6
FNH:0
LF:30
LH:0
BRF:1
BRH:0
end_of_record
TN:
SF:contracts/MyNFTAuction.sol
DA:76,17
FN:76,MyNFTAuction.initialize
FNDA:17,MyNFTAuction.initialize
DA:77,17
DA:78,17
DA:79,17
DA:84,17
FN:84,MyNFTAuction.setPriceFeed
FNDA:17,MyNFTAuction.setPriceFeed
DA:85,17
DA:88,1
FN:88,MyNFTAuction.getETHPrice
FNDA:1,MyNFTAuction.getETHPrice
DA:89,2
DA:90,2
DA:93,1
FN:93,MyNFTAuction.ethToUSD
FNDA:1,MyNFTAuction.ethToUSD
DA:94,1
DA:95,1
BRDA:95,0,0,0
BRDA:95,0,1,1
DA:101,1
DA:105,13
FN:105,MyNFTAuction.start
FNDA:13,MyNFTAuction.start
DA:106,13
BRDA:106,1,0,1
BRDA:106,1,1,12
DA:107,12
BRDA:107,2,0,1
BRDA:107,2,1,11
DA:108,11
BRDA:108,3,0,1
BRDA:108,3,1,10
DA:109,10
BRDA:109,4,0,1
BRDA:109,4,1,9
DA:110,9
BRDA:110,5,0,0
BRDA:110,5,1,9
DA:112,9
DA:113,9
BRDA:113,6,0,1
BRDA:113,6,1,8
DA:114,8
DA:116,8
DA:129,8
DA:141,8
FN:141,MyNFTAuction.buy
FNDA:8,MyNFTAuction.buy
DA:143,8
BRDA:143,7,0,1
BRDA:143,7,1,7
DA:145,7
BRDA:145,8,0,0
BRDA:145,8,1,7
DA:146,7
BRDA:146,9,0,0
BRDA:146,9,1,7
DA:147,7
BRDA:147,10,0,0
BRDA:147,10,1,7
DA:148,7
BRDA:148,11,0,6
BRDA:148,11,1,1
DA:150,6
BRDA:150,12,0,0
BRDA:150,12,1,6
DA:153,1
BRDA:153,13,0,0
BRDA:153,13,1,1
DA:155,1
BRDA:155,14,0,0
BRDA:155,14,1,1
DA:158,7
BRDA:158,15,0,0
BRDA:158,15,1,7
DA:161,7
DA:163,7
DA:164,7
BRDA:164,16,0,1
BRDA:164,16,1,6
DA:167,6
BRDA:167,17,0,1
DA:168,1
DA:169,1
BRDA:169,18,0,0
BRDA:169,18,1,1
DA:172,6
BRDA:172,19,0,1
DA:174,1
DA:178,6
DA:179,6
DA:180,6
DA:182,6
DA:191,1
FN:191,MyNFTAuction._refund
FNDA:1,MyNFTAuction._refund
DA:192,1
BRDA:192,20,0,1
BRDA:192,20,1,0
DA:194,1
DA:195,1
BRDA:195,21,0,0
BRDA:195,21,1,1
DA:197,0
DA:198,0
BRDA:198,22,0,-
BRDA:198,22,1,-
DA:202,2
FN:202,MyNFTAuction.endAuction
FNDA:2,MyNFTAuction.endAuction
DA:203,2
BRDA:203,23,0,0
BRDA:203,23,1,2
DA:204,2
BRDA:204,24,0,0
BRDA:204,24,1,2
DA:206,2
DA:207,2
DA:209,2
BRDA:209,25,0,1
BRDA:209,25,1,1
DA:211,1
DA:214,1
DA:216,2
DA:225,0
FN:225,MyNFTAuction.getAuction
FNDA:0,MyNFTAuction.getAuction
DA:236,0
DA:237,0
DA:238,0
DA:241,0
DA:242,0
DA:243,0
DA:244,0
DA:247,7
FN:247,MyNFTAuction._calculateBidUSDValue
FNDA:7,MyNFTAuction._calculateBidUSDValue
DA:251,7
BRDA:251,26,0,0
BRDA:251,26,1,7
DA:253,7
DA:254,7
BRDA:254,27,0,0
BRDA:254,27,1,7
DA:255,7
DA:256,7
DA:257,7
BRDA:257,28,0,6
BRDA:257,28,1,1
DA:258,6
DA:260,1
DA:265,7
FN:265,MyNFTAuction._getHightestUSDValue
FNDA:7,MyNFTAuction._getHightestUSDValue
DA:266,7
BRDA:266,29,0,0
BRDA:266,29,1,7
DA:267,7
DA:268,7
BRDA:268,30,0,0
BRDA:268,30,1,7
DA:269,7
DA:270,7
DA:273,7
DA:274,7
BRDA:274,31,0,2
DA:275,2
DA:277,7
BRDA:277,32,0,6
BRDA:277,32,1,1
DA:278,6
DA:280,1
DA:284,1
FN:284,MyNFTAuction.getVersion
FNDA:1,MyNFTAuction.getVersion
DA:285,1
DA:288,1
FN:288,MyNFTAuction.onERC721Received
FNDA:1,MyNFTAuction.onERC721Received
DA:294,1
DA:297,0
FN:297,MyNFTAuction._authorizeUpgrade
FNDA:0,MyNFTAuction._authorizeUpgrade
FNF:14
FNH:12
LF:95
LH:84
BRF:63
BRH:43
end_of_record
TN:
SF:contracts/MyNFTAuction.t.sol
DA:17,34
FN:17,MockERC20.mint.0
FNDA:34,MockERC20.mint.0
DA:18,34
DA:28,17
FN:28,MockERC721.mint.1
FNDA:17,MockERC721.mint.1
DA:29,17
DA:30,17
DA:31,17
DA:40,17
FN:40,MockPriceFeed.constructor
FNDA:17,MockPriceFeed.constructor
DA:41,17
DA:42,17
DA:45,16
FN:45,MockPriceFeed.latestRoundData
FNDA:16,MockPriceFeed.latestRoundData
DA:52,16
FNF:4
FNH:4
LF:11
LH:11
BRF:0
BRH:0
end_of_record
TN:
SF:contracts/MyNFTAuctionV2.sol
DA:41,0
FN:41,MyNFTAuctionV2.onlyAdmin
FNDA:0,MyNFTAuctionV2.onlyAdmin
DA:42,0
BRDA:42,0,0,-
BRDA:42,0,1,-
DA:46,0
FN:46,MyNFTAuctionV2.constructor
FNDA:0,MyNFTAuctionV2.constructor
DA:47,0
DA:50,0
FN:50,MyNFTAuctionV2.initialize
FNDA:0,MyNFTAuctionV2.initialize
DA:51,0
BRDA:51,1,0,-
BRDA:51,1,1,-
DA:52,0
DA:53,0
DA:57,0
FN:57,MyNFTAuctionV2.start
FNDA:0,MyNFTAuctionV2.start
DA:58,0
BRDA:58,2,0,-
BRDA:58,2,1,-
DA:59,0
BRDA:59,3,0,-
BRDA:59,3,1,-
DA:60,0
BRDA:60,4,0,-
BRDA:60,4,1,-
DA:62,0
DA:74,0
DA:75,0
DA:78,0
FN:78,MyNFTAuctionV2.bid
FNDA:0,MyNFTAuctionV2.bid
DA:79,0
DA:80,0
DA:81,0
BRDA:81,5,0,-
BRDA:81,5,1,-
DA:82,0
BRDA:82,6,0,-
BRDA:82,6,1,-
DA:83,0
BRDA:83,7,0,-
BRDA:83,7,1,-
DA:84,0
BRDA:84,8,0,-
BRDA:84,8,1,-
DA:85,0
BRDA:85,9,0,-
BRDA:85,9,1,-
DA:87,0
BRDA:87,10,0,-
DA:88,0
DA:90,0
DA:91,0
DA:92,0
BRDA:92,11,0,-
DA:94,0
DA:95,0
BRDA:95,12,0,-
BRDA:95,12,1,-
DA:96,0
DA:97,0
DA:99,0
BRDA:99,13,0,-
BRDA:99,13,1,-
DA:101,0
DA:102,0
DA:103,0
DA:104,0
DA:105,0
DA:107,0
BRDA:107,14,0,-
BRDA:107,14,1,-
DA:108,0
DA:109,0
DA:112,0
FN:112,MyNFTAuctionV2.withdraw
FNDA:0,MyNFTAuctionV2.withdraw
DA:113,0
DA:114,0
BRDA:114,15,0,-
BRDA:114,15,1,-
DA:115,0
DA:116,0
DA:117,0
DA:118,0
DA:121,0
FN:121,MyNFTAuctionV2.endAuction
FNDA:0,MyNFTAuctionV2.endAuction
DA:122,0
DA:123,0
DA:124,0
DA:127,0
FN:127,MyNFTAuctionV2._toUsd
FNDA:0,MyNFTAuctionV2._toUsd
DA:132,0
DA:133,0
DA:134,0
BRDA:134,16,0,-
BRDA:134,16,1,-
DA:135,0
DA:136,0
BRDA:136,17,0,-
DA:137,0
DA:139,0
DA:141,0
FN:141,MyNFTAuctionV2.getVersion
FNDA:0,MyNFTAuctionV2.getVersion
DA:142,0
FNF:9
FNH:0
LF:62
LH:0
BRF:33
BRH:0
end_of_record
TN:
SF:contracts/NFTAuctionV1.sol
DA:54,0
FN:54,NFTAuctionV1.constructor
FNDA:0,NFTAuctionV1.constructor
DA:55,0
DA:58,0
FN:58,NFTAuctionV1.initialize
FNDA:0,NFTAuctionV1.initialize
DA:59,0
DA:60,0
DA:61,0
DA:62,0
DA:65,0
FN:65,NFTAuctionV1._authorizeUpgrade
FNDA:0,NFTAuctionV1._authorizeUpgrade
DA:67,0
FN:67,NFTAuctionV1.getETHPrice
FNDA:0,NFTAuctionV1.getETHPrice
DA:68,0
DA:69,0
DA:72,0
FN:72,NFTAuctionV1.ethToUSD
FNDA:0,NFTAuctionV1.ethToUSD
DA:73,0
DA:74,0
BRDA:74,0,0,-
BRDA:74,0,1,-
DA:75,0
DA:78,0
FN:78,NFTAuctionV1.createAuction
FNDA:0,NFTAuctionV1.createAuction
DA:79,0
BRDA:79,1,0,-
BRDA:79,1,1,-
DA:80,0
BRDA:80,2,0,-
BRDA:80,2,1,-
DA:82,0
DA:83,0
BRDA:83,3,0,-
BRDA:83,3,1,-
DA:84,0
DA:86,0
DA:87,0
DA:89,0
DA:101,0
DA:113,0
FN:113,NFTAuctionV1.getCurrentPrice
FNDA:0,NFTAuctionV1.getCurrentPrice
DA:114,0
DA:116,0
BRDA:116,4,0,-
BRDA:116,4,1,-
DA:118,0
BRDA:118,5,0,-
DA:119,0
DA:122,0
DA:123,0
DA:124,0
DA:126,0
DA:129,0
FN:129,NFTAuctionV1.getCurrentPriceUSD
FNDA:0,NFTAuctionV1.getCurrentPriceUSD
DA:130,0
DA:131,0
DA:134,0
FN:134,NFTAuctionV1.buy
FNDA:0,NFTAuctionV1.buy
DA:135,0
DA:136,0
BRDA:136,6,0,-
BRDA:136,6,1,-
DA:137,0
BRDA:137,7,0,-
BRDA:137,7,1,-
DA:138,0
BRDA:138,8,0,-
BRDA:138,8,1,-
DA:139,0
DA:140,0
BRDA:140,9,0,-
BRDA:140,9,1,-
DA:141,0
DA:142,0
DA:143,0
DA:145,0
DA:146,0
DA:148,0
DA:149,0
BRDA:149,10,0,-
DA:150,0
DA:153,0
DA:155,0
DA:156,0
DA:159,0
FN:159,NFTAuctionV1.cancelAuction
FNDA:0,NFTAuctionV1.cancelAuction
DA:160,0
DA:161,0
BRDA:161,11,0,-
BRDA:161,11,1,-
DA:162,0
BRDA:162,12,0,-
BRDA:162,12,1,-
DA:163,0
BRDA:163,13,0,-
BRDA:163,13,1,-
DA:165,0
DA:167,0
DA:168,0
DA:171,0
FN:171,NFTAuctionV1.settleAuction
FNDA:0,NFTAuctionV1.settleAuction
DA:172,0
DA:173,0
BRDA:173,14,0,-
BRDA:173,14,1,-
DA:174,0
BRDA:174,15,0,-
BRDA:174,15,1,-
DA:175,0
DA:178,0
BRDA:178,16,0,-
BRDA:178,16,1,-
DA:179,0
DA:180,0
DA:182,0
DA:185,0
DA:186,0
DA:190,0
FN:190,NFTAuctionV1.getAuction
FNDA:0,NFTAuctionV1.getAuction
DA:201,0
DA:203,0
DA:204,0
DA:205,0
DA:206,0
DA:207,0
DA:208,0
DA:209,0
DA:210,0
DA:211,0
FNF:12
FNH:0
LF:85
LH:0
BRF:32
BRH:0
end_of_record
